c:\users\sfatima.bese15seecs\documents\github\matrixclient\labclient\debug\labclient.pch
c:\users\sfatima.bese15seecs\documents\github\matrixclient\labclient\debug\vc120.pdb
c:\users\sfatima.bese15seecs\documents\github\matrixclient\labclient\debug\vc120.idb
c:\users\sfatima.bese15seecs\documents\github\matrixclient\labclient\debug\stdafx.obj
c:\users\sfatima.bese15seecs\documents\github\matrixclient\labclient\debug\labclient.obj
c:\users\sfatima.bese15seecs\documents\github\matrixclient\labclient\debug\.netframework,version=v4.0.assemblyattributes.obj
c:\users\sfatima.bese15seecs\documents\github\matrixclient\labclient\debug\labclient.vcxprojresolveassemblyreference.cache
c:\users\sfatima.bese15seecs\documents\github\matrixclient\debug\labclient.pdb
c:\users\sfatima.bese15seecs\documents\github\matrixclient\labclient\debug\labclient.tlog\cl.command.1.tlog
c:\users\sfatima.bese15seecs\documents\github\matrixclient\labclient\debug\labclient.tlog\cl.read.1.tlog
c:\users\sfatima.bese15seecs\documents\github\matrixclient\labclient\debug\labclient.tlog\cl.write.1.tlog
c:\users\sfatima.bese15seecs\documents\github\matrixclient\labclient\debug\labclient.tlog\link.6464-cvtres.read.1.tlog
c:\users\sfatima.bese15seecs\documents\github\matrixclient\labclient\debug\labclient.tlog\link.6464-cvtres.write.1.tlog
c:\users\sfatima.bese15seecs\documents\github\matrixclient\labclient\debug\labclient.tlog\link.6464-rc.read.1.tlog
c:\users\sfatima.bese15seecs\documents\github\matrixclient\labclient\debug\labclient.tlog\link.6464-rc.write.1.tlog
c:\users\sfatima.bese15seecs\documents\github\matrixclient\labclient\debug\labclient.tlog\link.6464.read.1.tlog
c:\users\sfatima.bese15seecs\documents\github\matrixclient\labclient\debug\labclient.tlog\link.6464.write.1.tlog
c:\users\sfatima.bese15seecs\documents\github\matrixclient\labclient\debug\labclient.tlog\link.6764-cvtres.read.1.tlog
c:\users\sfatima.bese15seecs\documents\github\matrixclient\labclient\debug\labclient.tlog\link.6764-cvtres.write.1.tlog
c:\users\sfatima.bese15seecs\documents\github\matrixclient\labclient\debug\labclient.tlog\link.6764-rc.read.1.tlog
c:\users\sfatima.bese15seecs\documents\github\matrixclient\labclient\debug\labclient.tlog\link.6764-rc.write.1.tlog
c:\users\sfatima.bese15seecs\documents\github\matrixclient\labclient\debug\labclient.tlog\link.6764.read.1.tlog
c:\users\sfatima.bese15seecs\documents\github\matrixclient\labclient\debug\labclient.tlog\link.6764.write.1.tlog
c:\users\sfatima.bese15seecs\documents\github\matrixclient\labclient\debug\labclient.tlog\link.command.1.tlog
c:\users\sfatima.bese15seecs\documents\github\matrixclient\labclient\debug\labclient.tlog\link.read.1.tlog
c:\users\sfatima.bese15seecs\documents\github\matrixclient\labclient\debug\labclient.tlog\link.write.1.tlog
c:\users\sfatima.bese15seecs\documents\github\matrixclient\labclient\debug\labclient.tlog\metagen.read.1.tlog
c:\users\sfatima.bese15seecs\documents\github\matrixclient\labclient\debug\labclient.tlog\metagen.write.1.tlog
c:\users\sfatima.bese15seecs\documents\github\matrixclient\labclient\debug\labclient.tlog\tzres.dll.bi
